<?xml version="1.0" encoding="UTF-8"?>
<!-- Generated by org.testng.reporters.JUnitXMLReporter -->
<testsuite hostname="ngw9-PC" ignored="0" name="testname" tests="10" failures="4" timestamp="10 七月 2018 08:52:20 GMT" time="3.039" errors="0">
  <testcase name="loginTrue" time="1.835" classname="com.niuguwang.test.apitestJava.cases.LoginTest">
    <failure type="java.lang.NullPointerException">
      <![CDATA[java.lang.NullPointerException
	at com.niuguwang.test.apitestJava.cases.LoginTest.loginTrue(LoginTest.java:57)
... Removed 25 stack frames]]>
    </failure>
  </testcase> <!-- loginTrue -->
  <testcase name="loginTrue01" time="0.056" classname="com.niuguwang.test.apitestJava.cases.LoginTest">
    <failure type="java.lang.AssertionError" message="expected [用户名或密码错误次数过多已锁定] but found [登录成功]">
      <![CDATA[java.lang.AssertionError: expected [用户名或密码错误次数过多已锁定] but found [登录成功]
	at com.niuguwang.test.apitestJava.cases.LoginTest.loginTrue01(LoginTest.java:86)
... Removed 31 stack frames]]>
    </failure>
  </testcase> <!-- loginTrue01 -->
  <testcase name="loginFalse" time="0.079" classname="com.niuguwang.test.apitestJava.cases.LoginTest">
    <failure type="java.lang.AssertionError" message="expected [用户名或密码错误次数过多已锁定] but found [用户名或密码错误]">
      <![CDATA[java.lang.AssertionError: expected [用户名或密码错误次数过多已锁定] but found [用户名或密码错误]
	at com.niuguwang.test.apitestJava.cases.LoginTest.loginFalse(LoginTest.java:102)
... Removed 31 stack frames]]>
    </failure>
  </testcase> <!-- loginFalse -->
  <testcase name="loginFalse01" time="0.061" classname="com.niuguwang.test.apitestJava.cases.LoginTest"/>
  <testcase name="loginFalse02" time="0.057" classname="com.niuguwang.test.apitestJava.cases.LoginTest"/>
  <testcase name="loginFalse03" time="0.088" classname="com.niuguwang.test.apitestJava.cases.LoginTest"/>
  <testcase name="loginFalse04" time="0.064" classname="com.niuguwang.test.apitestJava.cases.LoginTest">
    <failure type="java.lang.AssertionError" message="expected [用户名或密码错误] but found [参数错误]">
      <![CDATA[java.lang.AssertionError: expected [用户名或密码错误] but found [参数错误]
	at com.niuguwang.test.apitestJava.cases.LoginTest.loginFalse04(LoginTest.java:160)
... Removed 31 stack frames]]>
    </failure>
  </testcase> <!-- loginFalse04 -->
  <testcase name="quickSearch" time="0.339" classname="com.niuguwang.test.apitestJava.cases.GetQuickSearchTest"/>
  <testcase name="getQuestionReplaybyLittle" time="0.155" classname="com.niuguwang.test.apitestJava.cases.GetQuestionReplybyLittleTest"/>
  <testcase name="addquestion" time="0.0" classname="com.niuguwang.test.apitestJava.cases.AddQuestionTest">
    <skipped/>
  </testcase> <!-- addquestion -->
</testsuite> <!-- testname -->
