<?xml version="1.0" encoding="UTF-8"?>
<!-- Generated by org.testng.reporters.JUnitXMLReporter -->
<testsuite hostname="ngw9-PC" ignored="0" name="智能诊股" tests="8" failures="0" timestamp="23 七月 2018 06:40:24 GMT" time="1.183" errors="0">
  <testcase name="getQuestionReplaybyLittle" time="0.143" classname="com.niuguwang.test.apitestJava.cases.GetQuestionReplybyLittleTest"/>
  <testcase name="quickSearch" time="0.23" classname="com.niuguwang.test.apitestJava.cases.GetQuickSearchTest"/>
  <testcase name="addquestionList" time="0.216" classname="com.niuguwang.test.apitestJava.cases.AddQuestionTest"/>
  <testcase name="addquestionList" time="0.059" classname="com.niuguwang.test.apitestJava.cases.AddQuestionTest"/>
  <testcase name="addquestionList" time="0.213" classname="com.niuguwang.test.apitestJava.cases.AddQuestionTest"/>
  <testcase name="addquestionList" time="0.104" classname="com.niuguwang.test.apitestJava.cases.AddQuestionTest"/>
  <testcase name="addquestionList" time="0.068" classname="com.niuguwang.test.apitestJava.cases.AddQuestionTest"/>
  <testcase name="addquestionList" time="0.032" classname="com.niuguwang.test.apitestJava.cases.AddQuestionTest"/>
</testsuite> <!-- 智能诊股 -->
