<?xml version="1.0" encoding="UTF-8"?>
<!-- Generated by org.testng.reporters.JUnitXMLReporter -->
<testsuite hostname="ngw9-PC" ignored="0" name="智能诊股" tests="8" failures="0" timestamp="24 七月 2018 07:37:09 GMT" time="2.34" errors="0">
  <testcase name="getQuestionReplaybyLittle" time="0.329" classname="com.niuguwang.test.apitestJava.cases.GetQuestionReplybyLittleTest"/>
  <testcase name="quickSearch" time="0.938" classname="com.niuguwang.test.apitestJava.cases.GetQuickSearchTest"/>
  <testcase name="addquestionList" time="0.289" classname="com.niuguwang.test.apitestJava.cases.AddQuestionTest"/>
  <testcase name="addquestionList" time="0.046" classname="com.niuguwang.test.apitestJava.cases.AddQuestionTest"/>
  <testcase name="addquestionList" time="0.144" classname="com.niuguwang.test.apitestJava.cases.AddQuestionTest"/>
  <testcase name="addquestionList" time="0.091" classname="com.niuguwang.test.apitestJava.cases.AddQuestionTest"/>
  <testcase name="addquestionList" time="0.331" classname="com.niuguwang.test.apitestJava.cases.AddQuestionTest"/>
  <testcase name="addquestionList" time="0.026" classname="com.niuguwang.test.apitestJava.cases.AddQuestionTest"/>
</testsuite> <!-- 智能诊股 -->
