<?xml version="1.0" encoding="UTF-8"?>
<!-- Generated by org.testng.reporters.JUnitXMLReporter -->
<testsuite hostname="ngw9-PC" ignored="0" name="注册登录" tests="7" failures="2" timestamp="23 七月 2018 06:40:23 GMT" time="2.431" errors="0">
  <testcase name="loginTrue" time="1.95" classname="com.niuguwang.test.apitestJava.cases.LoginTest"/>
  <testcase name="loginTrue01" time="0.072" classname="com.niuguwang.test.apitestJava.cases.LoginTest"/>
  <testcase name="loginFalse" time="0.052" classname="com.niuguwang.test.apitestJava.cases.LoginTest">
    <failure type="java.lang.AssertionError" message="expected [用户名或密码错误次数过多已锁定] but found [用户名或密码错误]">
      <![CDATA[java.lang.AssertionError: expected [用户名或密码错误次数过多已锁定] but found [用户名或密码错误]
	at com.niuguwang.test.apitestJava.cases.LoginTest.loginFalse(LoginTest.java:101)
... Removed 31 stack frames]]>
    </failure>
  </testcase> <!-- loginFalse -->
  <testcase name="loginFalse01" time="0.067" classname="com.niuguwang.test.apitestJava.cases.LoginTest"/>
  <testcase name="loginFalse02" time="0.056" classname="com.niuguwang.test.apitestJava.cases.LoginTest"/>
  <testcase name="loginFalse03" time="0.058" classname="com.niuguwang.test.apitestJava.cases.LoginTest"/>
  <testcase name="loginFalse04" time="0.07" classname="com.niuguwang.test.apitestJava.cases.LoginTest">
    <failure type="java.lang.AssertionError" message="expected [用户名或密码错误] but found [参数错误]">
      <![CDATA[java.lang.AssertionError: expected [用户名或密码错误] but found [参数错误]
	at com.niuguwang.test.apitestJava.cases.LoginTest.loginFalse04(LoginTest.java:155)
... Removed 31 stack frames]]>
    </failure>
  </testcase> <!-- loginFalse04 -->
</testsuite> <!-- 注册登录 -->
