<?xml version="1.0" encoding="UTF-8"?>
<!-- Generated by org.testng.reporters.JUnitXMLReporter -->
<testsuite hostname="ngw9-PC" ignored="0" name="注册登录" tests="7" failures="1" timestamp="24 七月 2018 07:37:06 GMT" time="5.248" errors="0">
  <testcase name="loginTrue" time="4.321" classname="com.niuguwang.test.apitestJava.cases.LoginTest"/>
  <testcase name="loginTrue01" time="0.099" classname="com.niuguwang.test.apitestJava.cases.LoginTest"/>
  <testcase name="loginFalse" time="0.065" classname="com.niuguwang.test.apitestJava.cases.LoginTest"/>
  <testcase name="loginFalse01" time="0.095" classname="com.niuguwang.test.apitestJava.cases.LoginTest"/>
  <testcase name="loginFalse02" time="0.082" classname="com.niuguwang.test.apitestJava.cases.LoginTest"/>
  <testcase name="loginFalse03" time="0.07" classname="com.niuguwang.test.apitestJava.cases.LoginTest"/>
  <testcase name="loginFalse04" time="0.238" classname="com.niuguwang.test.apitestJava.cases.LoginTest">
    <failure type="java.lang.AssertionError" message="expected [用户名或密码错误] but found [参数错误]">
      <![CDATA[java.lang.AssertionError: expected [用户名或密码错误] but found [参数错误]
	at com.niuguwang.test.apitestJava.cases.LoginTest.loginFalse04(LoginTest.java:155)
... Removed 31 stack frames]]>
    </failure>
  </testcase> <!-- loginFalse04 -->
</testsuite> <!-- 注册登录 -->
