<?xml version="1.0" encoding="UTF-8"?>
<testng-results skipped="0" failed="2" ignored="0" total="16" passed="14">
  <reporter-output>
    <line>
      <![CDATA[请求接口地址：https://user.niuguwang.com/api/login.ashx]]>
    </line>
    <line>
      <![CDATA[请求参数：LoginCase [id=1, username=13311151061, password=lj123456, loginTyte=null, deviceid=2, company=1, expected=登录成功]]]>
    </line>
    <line>
      <![CDATA[请求接口地址：https://user.niuguwang.com/api/login.ashx]]>
    </line>
    <line>
      <![CDATA[请求参数：LoginCase [id=6, username=hebeiliujin, password=lj123456, loginTyte=null, deviceid=2, company=1, expected=登录成功]]]>
    </line>
    <line>
      <![CDATA[请求接口地址：https://user.niuguwang.com/api/login.ashx]]>
    </line>
    <line>
      <![CDATA[请求参数：LoginCase [id=2, username=13231408948, password=123456, loginTyte=null, deviceid=2, company=1, expected=用户名或密码错误]]]>
    </line>
    <line>
      <![CDATA[请求接口地址：https://user.niuguwang.com/api/login.ashx]]>
    </line>
    <line>
      <![CDATA[请求参数：LoginCase [id=3, username="", password="", loginTyte=null, deviceid=2, company=1, expected=未设置密码，请用手机号和验证码登录]]]>
    </line>
    <line>
      <![CDATA[请求接口地址：https://user.niuguwang.com/api/login.ashx]]>
    </line>
    <line>
      <![CDATA[请求参数：LoginCase [id=4, username=13311151061, password=null, loginTyte=null, deviceid=null, company=null, expected=参数错误]]]>
    </line>
    <line>
      <![CDATA[请求接口地址：https://user.niuguwang.com/api/login.ashx]]>
    </line>
    <line>
      <![CDATA[请求参数：LoginCase [id=5, username=13331111, password=lJ123456, loginTyte=null, deviceid=null, company=null, expected=用户名或密码错误]]]>
    </line>
    <line>
      <![CDATA[请求接口地址：https://user.niuguwang.com/api/login.ashx]]>
    </line>
    <line>
      <![CDATA[请求参数：LoginCase [id=7, username=asdfghjklqwertyuiopasdfghjkllzxcvbnmklhjfdswwwww, password=1234567890poiuytrewqasdfghjkl, loginTyte=null, deviceid=null, company=null, expected=参数错误]]]>
    </line>
    <line>
      <![CDATA[接口地址：https://user.niuguwang.com/AskStock/getQuestionReplyByLittle.ashx]]>
    </line>
    <line>
      <![CDATA[请求参数：GetQuestionReplybyLittle [questionId=1740714, userToken=rdHRLzQgBQx_CEUM7qx7q6p25xyuMvu493iyb60IBdm-l3lVdrPS0Q**]]]>
    </line>
    <line>
      <![CDATA[请求接口地址：https://user.niuguwang.com/AskStock/getQuickSearch.ashx]]>
    </line>
    <line>
      <![CDATA[请求参数：AddQuestion [id=1, ownerIds=0, ownerNames=, content=海默科技关联板块, userToken=1, width=-1, height=-1]]]>
    </line>
    <line>
      <![CDATA[请求接口地址：https://user.niuguwang.com/AskStock/addQuestion.ashx]]>
    </line>
    <line>
      <![CDATA[请求参数：AddQuestion [id=1, ownerIds=0, ownerNames=null, content=海默科技关联板块, userToken=rdHRLzQgBQx_CEUM7qx7q6p25xyuMvu493iyb60IBdm-l3lVdrPS0Q**, width=744, height=545]]]>
    </line>
    <line>
      <![CDATA[请求接口地址：https://user.niuguwang.com/AskStock/addQuestion.ashx]]>
    </line>
    <line>
      <![CDATA[请求参数：AddQuestion [id=2, ownerIds=0, ownerNames=null, content=业绩预增优质成长股, userToken=rdHRLzQgBQx_CEUM7qx7q6p25xyuMvu493iyb60IBdm-l3lVdrPS0Q**, width=744, height=545]]]>
    </line>
    <line>
      <![CDATA[请求接口地址：https://user.niuguwang.com/AskStock/addQuestion.ashx]]>
    </line>
    <line>
      <![CDATA[请求参数：AddQuestion [id=3, ownerIds=0, ownerNames=null, content=连续三年净资产收益高的策略, userToken=rdHRLzQgBQx_CEUM7qx7q6p25xyuMvu493iyb60IBdm-l3lVdrPS0Q**, width=744, height=545]]]>
    </line>
    <line>
      <![CDATA[请求接口地址：https://user.niuguwang.com/AskStock/addQuestion.ashx]]>
    </line>
    <line>
      <![CDATA[请求参数：AddQuestion [id=4, ownerIds=0, ownerNames=null, content=胜率最高策略, userToken=rdHRLzQgBQx_CEUM7qx7q6p25xyuMvu493iyb60IBdm-l3lVdrPS0Q**, width=744, height=545]]]>
    </line>
    <line>
      <![CDATA[请求接口地址：https://user.niuguwang.com/AskStock/addQuestion.ashx]]>
    </line>
    <line>
      <![CDATA[请求参数：AddQuestion [id=5, ownerIds=0, ownerNames=null, content=上升趋势确定策略, userToken=rdHRLzQgBQx_CEUM7qx7q6p25xyuMvu493iyb60IBdm-l3lVdrPS0Q**, width=744, height=545]]]>
    </line>
    <line>
      <![CDATA[请求接口地址：https://user.niuguwang.com/AskStock/addQuestion.ashx]]>
    </line>
    <line>
      <![CDATA[请求参数：AddQuestion [id=6, ownerIds=0, ownerNames=null, content=足球概念龙头, userToken=rdHRLzQgBQx_CEUM7qx7q6p25xyuMvu493iyb60IBdm-l3lVdrPS0Q**, width=744, height=545]]]>
    </line>
    <line>
      <![CDATA[请求接口地址：https://shq.niuguwang.com/aquote/userdata/getuserstocks_v180531.ashx]]>
    </line>
    <line>
      <![CDATA[请求参数：GetUserStocksCase [id=1, auto=1, usertoken=rdHRLzQgBQx_CEUM7qx7q6p25xyuMvu493iyb60IBdm-l3lVdrPS0Q**]]]>
    </line>
  </reporter-output>
  <suite name="牛股王app接口" duration-ms="3796" started-at="2018-07-23T06:40:20Z" finished-at="2018-07-23T06:40:24Z">
    <groups>
      <group name="loginTrue">
        <method signature="LoginTest.loginTrue()[pri:0, instance:com.niuguwang.test.apitestJava.cases.LoginTest@2a5ca609]" name="loginTrue" class="com.niuguwang.test.apitestJava.cases.LoginTest"/>
        <method signature="LoginTest.loginTrue01()[pri:0, instance:com.niuguwang.test.apitestJava.cases.LoginTest@2a5ca609]" name="loginTrue01" class="com.niuguwang.test.apitestJava.cases.LoginTest"/>
      </group> <!-- loginTrue -->
      <group name="loginfalse">
        <method signature="LoginTest.loginFalse()[pri:0, instance:com.niuguwang.test.apitestJava.cases.LoginTest@2a5ca609]" name="loginFalse" class="com.niuguwang.test.apitestJava.cases.LoginTest"/>
        <method signature="LoginTest.loginFalse01()[pri:0, instance:com.niuguwang.test.apitestJava.cases.LoginTest@2a5ca609]" name="loginFalse01" class="com.niuguwang.test.apitestJava.cases.LoginTest"/>
        <method signature="LoginTest.loginFalse02()[pri:0, instance:com.niuguwang.test.apitestJava.cases.LoginTest@2a5ca609]" name="loginFalse02" class="com.niuguwang.test.apitestJava.cases.LoginTest"/>
        <method signature="LoginTest.loginFalse03()[pri:0, instance:com.niuguwang.test.apitestJava.cases.LoginTest@2a5ca609]" name="loginFalse03" class="com.niuguwang.test.apitestJava.cases.LoginTest"/>
        <method signature="LoginTest.loginFalse04()[pri:0, instance:com.niuguwang.test.apitestJava.cases.LoginTest@2a5ca609]" name="loginFalse04" class="com.niuguwang.test.apitestJava.cases.LoginTest"/>
      </group> <!-- loginfalse -->
      <group name="userstocks">
        <method signature="GetUserStocksTest.getUserStocks()[pri:0, instance:com.niuguwang.test.apitestJava.cases.GetUserStocksTest@59f99ea]" name="getUserStocks" class="com.niuguwang.test.apitestJava.cases.GetUserStocksTest"/>
      </group> <!-- userstocks -->
      <group name="GetQuickSearchTest">
        <method signature="GetQuickSearchTest.quickSearch()[pri:0, instance:com.niuguwang.test.apitestJava.cases.GetQuickSearchTest@5b275dab]" name="quickSearch" class="com.niuguwang.test.apitestJava.cases.GetQuickSearchTest"/>
      </group> <!-- GetQuickSearchTest -->
      <group name="askstock-addquestion">
        <method signature="AddQuestionTest.addquestionList(com.niuguwang.test.apitestJava.model.AddQuestionCase)[pri:0, instance:com.niuguwang.test.apitestJava.cases.AddQuestionTest@61832929]" name="addquestionList" class="com.niuguwang.test.apitestJava.cases.AddQuestionTest"/>
      </group> <!-- askstock-addquestion -->
    </groups>
    <test name="注册登录" duration-ms="2431" started-at="2018-07-23T06:40:20Z" finished-at="2018-07-23T06:40:23Z">
      <class name="com.niuguwang.test.apitestJava.cases.LoginTest">
        <test-method status="PASS" signature="beforeTest()[pri:0, instance:com.niuguwang.test.apitestJava.cases.LoginTest@2a5ca609]" name="beforeTest" is-config="true" duration-ms="59" started-at="2018-07-23T14:40:20Z" finished-at="2018-07-23T14:40:20Z">
          <reporter-output>
          </reporter-output>
        </test-method> <!-- beforeTest -->
        <test-method status="PASS" signature="loginTrue()[pri:0, instance:com.niuguwang.test.apitestJava.cases.LoginTest@2a5ca609]" name="loginTrue" duration-ms="1950" started-at="2018-07-23T14:40:20Z" description="使用手机号登录，用户名正确，密码正确" finished-at="2018-07-23T14:40:22Z">
          <reporter-output>
            <line>
              <![CDATA[请求接口地址：https://user.niuguwang.com/api/login.ashx]]>
            </line>
            <line>
              <![CDATA[请求参数：LoginCase [id=1, username=13311151061, password=lj123456, loginTyte=null, deviceid=2, company=1, expected=登录成功]]]>
            </line>
          </reporter-output>
        </test-method> <!-- loginTrue -->
        <test-method status="PASS" signature="loginTrue01()[pri:0, instance:com.niuguwang.test.apitestJava.cases.LoginTest@2a5ca609]" name="loginTrue01" duration-ms="72" started-at="2018-07-23T14:40:22Z" description="使用用户名登录，用户名正确，密码错误" finished-at="2018-07-23T14:40:22Z">
          <reporter-output>
            <line>
              <![CDATA[请求接口地址：https://user.niuguwang.com/api/login.ashx]]>
            </line>
            <line>
              <![CDATA[请求参数：LoginCase [id=6, username=hebeiliujin, password=lj123456, loginTyte=null, deviceid=2, company=1, expected=登录成功]]]>
            </line>
          </reporter-output>
        </test-method> <!-- loginTrue01 -->
        <test-method status="FAIL" signature="loginFalse()[pri:0, instance:com.niuguwang.test.apitestJava.cases.LoginTest@2a5ca609]" name="loginFalse" duration-ms="52" started-at="2018-07-23T14:40:22Z" description="用户名正确，密码错误" finished-at="2018-07-23T14:40:22Z">
          <exception class="java.lang.AssertionError">
            <message>
              <![CDATA[expected [用户名或密码错误次数过多已锁定] but found [用户名或密码错误]]]>
            </message>
            <full-stacktrace>
              <![CDATA[java.lang.AssertionError: expected [用户名或密码错误次数过多已锁定] but found [用户名或密码错误]
	at org.testng.Assert.fail(Assert.java:94)
	at org.testng.Assert.failNotEquals(Assert.java:513)
	at org.testng.Assert.assertEqualsImpl(Assert.java:135)
	at org.testng.Assert.assertEquals(Assert.java:116)
	at org.testng.Assert.assertEquals(Assert.java:190)
	at org.testng.Assert.assertEquals(Assert.java:200)
	at com.niuguwang.test.apitestJava.cases.LoginTest.loginFalse(LoginTest.java:101)
	at sun.reflect.NativeMethodAccessorImpl.invoke0(Native Method)
	at sun.reflect.NativeMethodAccessorImpl.invoke(Unknown Source)
	at sun.reflect.DelegatingMethodAccessorImpl.invoke(Unknown Source)
	at java.lang.reflect.Method.invoke(Unknown Source)
	at org.testng.internal.MethodInvocationHelper.invokeMethod(MethodInvocationHelper.java:104)
	at org.testng.internal.Invoker.invokeMethod(Invoker.java:645)
	at org.testng.internal.Invoker.invokeTestMethod(Invoker.java:851)
	at org.testng.internal.Invoker.invokeTestMethods(Invoker.java:1177)
	at org.testng.internal.TestMethodWorker.invokeTestMethods(TestMethodWorker.java:129)
	at org.testng.internal.TestMethodWorker.run(TestMethodWorker.java:112)
	at org.testng.TestRunner.privateRun(TestRunner.java:756)
	at org.testng.TestRunner.run(TestRunner.java:610)
	at org.testng.SuiteRunner.runTest(SuiteRunner.java:387)
	at org.testng.SuiteRunner.runSequentially(SuiteRunner.java:382)
	at org.testng.SuiteRunner.privateRun(SuiteRunner.java:340)
	at org.testng.SuiteRunner.run(SuiteRunner.java:289)
	at org.testng.SuiteRunnerWorker.runSuite(SuiteRunnerWorker.java:52)
	at org.testng.SuiteRunnerWorker.run(SuiteRunnerWorker.java:86)
	at org.testng.TestNG.runSuitesSequentially(TestNG.java:1293)
	at org.testng.TestNG.runSuitesLocally(TestNG.java:1218)
	at org.testng.TestNG.runSuites(TestNG.java:1133)
	at org.testng.TestNG.run(TestNG.java:1104)
	at org.testng.remote.AbstractRemoteTestNG.run(AbstractRemoteTestNG.java:114)
	at org.testng.remote.RemoteTestNG.initAndRun(RemoteTestNG.java:251)
	at org.testng.remote.RemoteTestNG.main(RemoteTestNG.java:77)
]]>
            </full-stacktrace>
          </exception> <!-- java.lang.AssertionError -->
          <reporter-output>
            <line>
              <![CDATA[请求接口地址：https://user.niuguwang.com/api/login.ashx]]>
            </line>
            <line>
              <![CDATA[请求参数：LoginCase [id=2, username=13231408948, password=123456, loginTyte=null, deviceid=2, company=1, expected=用户名或密码错误]]]>
            </line>
          </reporter-output>
        </test-method> <!-- loginFalse -->
        <test-method status="PASS" signature="loginFalse01()[pri:0, instance:com.niuguwang.test.apitestJava.cases.LoginTest@2a5ca609]" name="loginFalse01" duration-ms="67" started-at="2018-07-23T14:40:22Z" description="用户名为空，密码为空" finished-at="2018-07-23T14:40:22Z">
          <reporter-output>
            <line>
              <![CDATA[请求接口地址：https://user.niuguwang.com/api/login.ashx]]>
            </line>
            <line>
              <![CDATA[请求参数：LoginCase [id=3, username="", password="", loginTyte=null, deviceid=2, company=1, expected=未设置密码，请用手机号和验证码登录]]]>
            </line>
          </reporter-output>
        </test-method> <!-- loginFalse01 -->
        <test-method status="PASS" signature="loginFalse02()[pri:0, instance:com.niuguwang.test.apitestJava.cases.LoginTest@2a5ca609]" name="loginFalse02" duration-ms="56" started-at="2018-07-23T14:40:22Z" description="用户名正确，密码错误" finished-at="2018-07-23T14:40:23Z">
          <reporter-output>
            <line>
              <![CDATA[请求接口地址：https://user.niuguwang.com/api/login.ashx]]>
            </line>
            <line>
              <![CDATA[请求参数：LoginCase [id=4, username=13311151061, password=null, loginTyte=null, deviceid=null, company=null, expected=参数错误]]]>
            </line>
          </reporter-output>
        </test-method> <!-- loginFalse02 -->
        <test-method status="PASS" signature="loginFalse03()[pri:0, instance:com.niuguwang.test.apitestJava.cases.LoginTest@2a5ca609]" name="loginFalse03" duration-ms="58" started-at="2018-07-23T14:40:23Z" description="用户名错误，密码正确" finished-at="2018-07-23T14:40:23Z">
          <reporter-output>
            <line>
              <![CDATA[请求接口地址：https://user.niuguwang.com/api/login.ashx]]>
            </line>
            <line>
              <![CDATA[请求参数：LoginCase [id=5, username=13331111, password=lJ123456, loginTyte=null, deviceid=null, company=null, expected=用户名或密码错误]]]>
            </line>
          </reporter-output>
        </test-method> <!-- loginFalse03 -->
        <test-method status="FAIL" signature="loginFalse04()[pri:0, instance:com.niuguwang.test.apitestJava.cases.LoginTest@2a5ca609]" name="loginFalse04" duration-ms="70" started-at="2018-07-23T14:40:23Z" description="用户名错误，密码正确" finished-at="2018-07-23T14:40:23Z">
          <exception class="java.lang.AssertionError">
            <message>
              <![CDATA[expected [用户名或密码错误] but found [参数错误]]]>
            </message>
            <full-stacktrace>
              <![CDATA[java.lang.AssertionError: expected [用户名或密码错误] but found [参数错误]
	at org.testng.Assert.fail(Assert.java:94)
	at org.testng.Assert.failNotEquals(Assert.java:513)
	at org.testng.Assert.assertEqualsImpl(Assert.java:135)
	at org.testng.Assert.assertEquals(Assert.java:116)
	at org.testng.Assert.assertEquals(Assert.java:190)
	at org.testng.Assert.assertEquals(Assert.java:200)
	at com.niuguwang.test.apitestJava.cases.LoginTest.loginFalse04(LoginTest.java:155)
	at sun.reflect.NativeMethodAccessorImpl.invoke0(Native Method)
	at sun.reflect.NativeMethodAccessorImpl.invoke(Unknown Source)
	at sun.reflect.DelegatingMethodAccessorImpl.invoke(Unknown Source)
	at java.lang.reflect.Method.invoke(Unknown Source)
	at org.testng.internal.MethodInvocationHelper.invokeMethod(MethodInvocationHelper.java:104)
	at org.testng.internal.Invoker.invokeMethod(Invoker.java:645)
	at org.testng.internal.Invoker.invokeTestMethod(Invoker.java:851)
	at org.testng.internal.Invoker.invokeTestMethods(Invoker.java:1177)
	at org.testng.internal.TestMethodWorker.invokeTestMethods(TestMethodWorker.java:129)
	at org.testng.internal.TestMethodWorker.run(TestMethodWorker.java:112)
	at org.testng.TestRunner.privateRun(TestRunner.java:756)
	at org.testng.TestRunner.run(TestRunner.java:610)
	at org.testng.SuiteRunner.runTest(SuiteRunner.java:387)
	at org.testng.SuiteRunner.runSequentially(SuiteRunner.java:382)
	at org.testng.SuiteRunner.privateRun(SuiteRunner.java:340)
	at org.testng.SuiteRunner.run(SuiteRunner.java:289)
	at org.testng.SuiteRunnerWorker.runSuite(SuiteRunnerWorker.java:52)
	at org.testng.SuiteRunnerWorker.run(SuiteRunnerWorker.java:86)
	at org.testng.TestNG.runSuitesSequentially(TestNG.java:1293)
	at org.testng.TestNG.runSuitesLocally(TestNG.java:1218)
	at org.testng.TestNG.runSuites(TestNG.java:1133)
	at org.testng.TestNG.run(TestNG.java:1104)
	at org.testng.remote.AbstractRemoteTestNG.run(AbstractRemoteTestNG.java:114)
	at org.testng.remote.RemoteTestNG.initAndRun(RemoteTestNG.java:251)
	at org.testng.remote.RemoteTestNG.main(RemoteTestNG.java:77)
]]>
            </full-stacktrace>
          </exception> <!-- java.lang.AssertionError -->
          <reporter-output>
            <line>
              <![CDATA[请求接口地址：https://user.niuguwang.com/api/login.ashx]]>
            </line>
            <line>
              <![CDATA[请求参数：LoginCase [id=7, username=asdfghjklqwertyuiopasdfghjkllzxcvbnmklhjfdswwwww, password=1234567890poiuytrewqasdfghjkl, loginTyte=null, deviceid=null, company=null, expected=参数错误]]]>
            </line>
          </reporter-output>
        </test-method> <!-- loginFalse04 -->
      </class> <!-- com.niuguwang.test.apitestJava.cases.LoginTest -->
    </test> <!-- 注册登录 -->
    <test name="智能诊股" duration-ms="1183" started-at="2018-07-23T06:40:23Z" finished-at="2018-07-23T06:40:24Z">
      <class name="com.niuguwang.test.apitestJava.cases.AddQuestionTest">
        <test-method status="PASS" signature="beforetest()[pri:0, instance:com.niuguwang.test.apitestJava.cases.AddQuestionTest@61832929]" name="beforetest" is-config="true" duration-ms="1" started-at="2018-07-23T14:40:23Z" finished-at="2018-07-23T14:40:23Z">
          <reporter-output>
          </reporter-output>
        </test-method> <!-- beforetest -->
        <test-method status="PASS" signature="beforetest()[pri:0, instance:com.niuguwang.test.apitestJava.cases.GetQuestionReplybyLittleTest@523884b2]" name="beforetest" is-config="true" duration-ms="27" started-at="2018-07-23T14:40:23Z" finished-at="2018-07-23T14:40:23Z">
          <reporter-output>
          </reporter-output>
        </test-method> <!-- beforetest -->
        <test-method status="PASS" signature="beforeTest()[pri:0, instance:com.niuguwang.test.apitestJava.cases.GetQuickSearchTest@5b275dab]" name="beforeTest" is-config="true" duration-ms="0" started-at="2018-07-23T14:40:23Z" finished-at="2018-07-23T14:40:23Z">
          <reporter-output>
          </reporter-output>
        </test-method> <!-- beforeTest -->
        <test-method status="PASS" signature="addquestionList(com.niuguwang.test.apitestJava.model.AddQuestionCase)[pri:0, instance:com.niuguwang.test.apitestJava.cases.AddQuestionTest@61832929]" name="addquestionList" duration-ms="216" started-at="2018-07-23T14:40:23Z" description="首页问题列表" data-provider="addQuestionCase" finished-at="2018-07-23T14:40:23Z">
          <params>
            <param index="0">
              <value>
                <![CDATA[AddQuestion [id=1, ownerIds=0, ownerNames=null, content=海默科技关联板块, userToken=rdHRLzQgBQx_CEUM7qx7q6p25xyuMvu493iyb60IBdm-l3lVdrPS0Q**, width=744, height=545]]]>
              </value>
            </param>
          </params>
          <reporter-output>
            <line>
              <![CDATA[请求接口地址：https://user.niuguwang.com/AskStock/addQuestion.ashx]]>
            </line>
            <line>
              <![CDATA[请求参数：AddQuestion [id=1, ownerIds=0, ownerNames=null, content=海默科技关联板块, userToken=rdHRLzQgBQx_CEUM7qx7q6p25xyuMvu493iyb60IBdm-l3lVdrPS0Q**, width=744, height=545]]]>
            </line>
          </reporter-output>
        </test-method> <!-- addquestionList -->
        <test-method status="PASS" signature="addquestionList(com.niuguwang.test.apitestJava.model.AddQuestionCase)[pri:0, instance:com.niuguwang.test.apitestJava.cases.AddQuestionTest@61832929]" name="addquestionList" duration-ms="59" started-at="2018-07-23T14:40:23Z" description="首页问题列表" data-provider="addQuestionCase" finished-at="2018-07-23T14:40:23Z">
          <params>
            <param index="0">
              <value>
                <![CDATA[AddQuestion [id=2, ownerIds=0, ownerNames=null, content=业绩预增优质成长股, userToken=rdHRLzQgBQx_CEUM7qx7q6p25xyuMvu493iyb60IBdm-l3lVdrPS0Q**, width=744, height=545]]]>
              </value>
            </param>
          </params>
          <reporter-output>
            <line>
              <![CDATA[请求接口地址：https://user.niuguwang.com/AskStock/addQuestion.ashx]]>
            </line>
            <line>
              <![CDATA[请求参数：AddQuestion [id=2, ownerIds=0, ownerNames=null, content=业绩预增优质成长股, userToken=rdHRLzQgBQx_CEUM7qx7q6p25xyuMvu493iyb60IBdm-l3lVdrPS0Q**, width=744, height=545]]]>
            </line>
          </reporter-output>
        </test-method> <!-- addquestionList -->
        <test-method status="PASS" signature="addquestionList(com.niuguwang.test.apitestJava.model.AddQuestionCase)[pri:0, instance:com.niuguwang.test.apitestJava.cases.AddQuestionTest@61832929]" name="addquestionList" duration-ms="213" started-at="2018-07-23T14:40:23Z" description="首页问题列表" data-provider="addQuestionCase" finished-at="2018-07-23T14:40:24Z">
          <params>
            <param index="0">
              <value>
                <![CDATA[AddQuestion [id=3, ownerIds=0, ownerNames=null, content=连续三年净资产收益高的策略, userToken=rdHRLzQgBQx_CEUM7qx7q6p25xyuMvu493iyb60IBdm-l3lVdrPS0Q**, width=744, height=545]]]>
              </value>
            </param>
          </params>
          <reporter-output>
            <line>
              <![CDATA[请求接口地址：https://user.niuguwang.com/AskStock/addQuestion.ashx]]>
            </line>
            <line>
              <![CDATA[请求参数：AddQuestion [id=3, ownerIds=0, ownerNames=null, content=连续三年净资产收益高的策略, userToken=rdHRLzQgBQx_CEUM7qx7q6p25xyuMvu493iyb60IBdm-l3lVdrPS0Q**, width=744, height=545]]]>
            </line>
          </reporter-output>
        </test-method> <!-- addquestionList -->
        <test-method status="PASS" signature="addquestionList(com.niuguwang.test.apitestJava.model.AddQuestionCase)[pri:0, instance:com.niuguwang.test.apitestJava.cases.AddQuestionTest@61832929]" name="addquestionList" duration-ms="104" started-at="2018-07-23T14:40:24Z" description="首页问题列表" data-provider="addQuestionCase" finished-at="2018-07-23T14:40:24Z">
          <params>
            <param index="0">
              <value>
                <![CDATA[AddQuestion [id=4, ownerIds=0, ownerNames=null, content=胜率最高策略, userToken=rdHRLzQgBQx_CEUM7qx7q6p25xyuMvu493iyb60IBdm-l3lVdrPS0Q**, width=744, height=545]]]>
              </value>
            </param>
          </params>
          <reporter-output>
            <line>
              <![CDATA[请求接口地址：https://user.niuguwang.com/AskStock/addQuestion.ashx]]>
            </line>
            <line>
              <![CDATA[请求参数：AddQuestion [id=4, ownerIds=0, ownerNames=null, content=胜率最高策略, userToken=rdHRLzQgBQx_CEUM7qx7q6p25xyuMvu493iyb60IBdm-l3lVdrPS0Q**, width=744, height=545]]]>
            </line>
          </reporter-output>
        </test-method> <!-- addquestionList -->
        <test-method status="PASS" signature="addquestionList(com.niuguwang.test.apitestJava.model.AddQuestionCase)[pri:0, instance:com.niuguwang.test.apitestJava.cases.AddQuestionTest@61832929]" name="addquestionList" duration-ms="68" started-at="2018-07-23T14:40:24Z" description="首页问题列表" data-provider="addQuestionCase" finished-at="2018-07-23T14:40:24Z">
          <params>
            <param index="0">
              <value>
                <![CDATA[AddQuestion [id=5, ownerIds=0, ownerNames=null, content=上升趋势确定策略, userToken=rdHRLzQgBQx_CEUM7qx7q6p25xyuMvu493iyb60IBdm-l3lVdrPS0Q**, width=744, height=545]]]>
              </value>
            </param>
          </params>
          <reporter-output>
            <line>
              <![CDATA[请求接口地址：https://user.niuguwang.com/AskStock/addQuestion.ashx]]>
            </line>
            <line>
              <![CDATA[请求参数：AddQuestion [id=5, ownerIds=0, ownerNames=null, content=上升趋势确定策略, userToken=rdHRLzQgBQx_CEUM7qx7q6p25xyuMvu493iyb60IBdm-l3lVdrPS0Q**, width=744, height=545]]]>
            </line>
          </reporter-output>
        </test-method> <!-- addquestionList -->
        <test-method status="PASS" signature="addquestionList(com.niuguwang.test.apitestJava.model.AddQuestionCase)[pri:0, instance:com.niuguwang.test.apitestJava.cases.AddQuestionTest@61832929]" name="addquestionList" duration-ms="32" started-at="2018-07-23T14:40:24Z" description="首页问题列表" data-provider="addQuestionCase" finished-at="2018-07-23T14:40:24Z">
          <params>
            <param index="0">
              <value>
                <![CDATA[AddQuestion [id=6, ownerIds=0, ownerNames=null, content=足球概念龙头, userToken=rdHRLzQgBQx_CEUM7qx7q6p25xyuMvu493iyb60IBdm-l3lVdrPS0Q**, width=744, height=545]]]>
              </value>
            </param>
          </params>
          <reporter-output>
            <line>
              <![CDATA[请求接口地址：https://user.niuguwang.com/AskStock/addQuestion.ashx]]>
            </line>
            <line>
              <![CDATA[请求参数：AddQuestion [id=6, ownerIds=0, ownerNames=null, content=足球概念龙头, userToken=rdHRLzQgBQx_CEUM7qx7q6p25xyuMvu493iyb60IBdm-l3lVdrPS0Q**, width=744, height=545]]]>
            </line>
          </reporter-output>
        </test-method> <!-- addquestionList -->
      </class> <!-- com.niuguwang.test.apitestJava.cases.AddQuestionTest -->
      <class name="com.niuguwang.test.apitestJava.cases.GetQuestionReplybyLittleTest">
        <test-method status="PASS" signature="getQuestionReplaybyLittle()[pri:0, instance:com.niuguwang.test.apitestJava.cases.GetQuestionReplybyLittleTest@523884b2]" name="getQuestionReplaybyLittle" duration-ms="143" started-at="2018-07-23T14:40:23Z" description="通过问题的内容获取诊股答案" finished-at="2018-07-23T14:40:23Z">
          <reporter-output>
            <line>
              <![CDATA[接口地址：https://user.niuguwang.com/AskStock/getQuestionReplyByLittle.ashx]]>
            </line>
            <line>
              <![CDATA[请求参数：GetQuestionReplybyLittle [questionId=1740714, userToken=rdHRLzQgBQx_CEUM7qx7q6p25xyuMvu493iyb60IBdm-l3lVdrPS0Q**]]]>
            </line>
          </reporter-output>
        </test-method> <!-- getQuestionReplaybyLittle -->
      </class> <!-- com.niuguwang.test.apitestJava.cases.GetQuestionReplybyLittleTest -->
      <class name="com.niuguwang.test.apitestJava.cases.GetQuickSearchTest">
        <test-method status="PASS" signature="quickSearch()[pri:0, instance:com.niuguwang.test.apitestJava.cases.GetQuickSearchTest@5b275dab]" name="quickSearch" duration-ms="230" started-at="2018-07-23T14:40:23Z" description="首次进入获取欢迎列表" finished-at="2018-07-23T14:40:23Z">
          <reporter-output>
            <line>
              <![CDATA[请求接口地址：https://user.niuguwang.com/AskStock/getQuickSearch.ashx]]>
            </line>
            <line>
              <![CDATA[请求参数：AddQuestion [id=1, ownerIds=0, ownerNames=, content=海默科技关联板块, userToken=1, width=-1, height=-1]]]>
            </line>
          </reporter-output>
        </test-method> <!-- quickSearch -->
      </class> <!-- com.niuguwang.test.apitestJava.cases.GetQuickSearchTest -->
    </test> <!-- 智能诊股 -->
    <test name="自选股" duration-ms="133" started-at="2018-07-23T06:40:24Z" finished-at="2018-07-23T06:40:24Z">
      <class name="com.niuguwang.test.apitestJava.cases.GetUserStocksTest">
        <test-method status="PASS" signature="before()[pri:0, instance:com.niuguwang.test.apitestJava.cases.GetUserStocksTest@59f99ea]" name="before" is-config="true" duration-ms="23" started-at="2018-07-23T14:40:24Z" finished-at="2018-07-23T14:40:24Z">
          <reporter-output>
          </reporter-output>
        </test-method> <!-- before -->
        <test-method status="PASS" signature="getUserStocks()[pri:0, instance:com.niuguwang.test.apitestJava.cases.GetUserStocksTest@59f99ea]" name="getUserStocks" duration-ms="107" started-at="2018-07-23T14:40:24Z" description="获取用户列表" finished-at="2018-07-23T14:40:24Z">
          <reporter-output>
            <line>
              <![CDATA[请求接口地址：https://shq.niuguwang.com/aquote/userdata/getuserstocks_v180531.ashx]]>
            </line>
            <line>
              <![CDATA[请求参数：GetUserStocksCase [id=1, auto=1, usertoken=rdHRLzQgBQx_CEUM7qx7q6p25xyuMvu493iyb60IBdm-l3lVdrPS0Q**]]]>
            </line>
          </reporter-output>
        </test-method> <!-- getUserStocks -->
      </class> <!-- com.niuguwang.test.apitestJava.cases.GetUserStocksTest -->
    </test> <!-- 自选股 -->
  </suite> <!-- 牛股王app接口 -->
</testng-results>
